 Creando imagen 2z65iuhn
#0 building with "default" instance using docker driver

#1 [internal] load build definition from Dockerfile
#1 transferring dockerfile: 110B done
#1 DONE 0.2s

#2 [internal] load metadata for docker.io/library/ubuntu:latest
#2 DONE 1.8s

#3 [internal] load .dockerignore
#3 transferring context: 2B done
#3 DONE 0.1s

#4 [1/1] FROM docker.io/library/ubuntu:latest@sha256:8a37d68f4f73ebf3d4efafbcf66379bf3728902a8038616808f04e34a9ab63ee
#4 CACHED

#5 exporting to image
#5 exporting layers done
#5 writing image sha256:5e6fbfa3e969114c5a218088e6527437f0b85c610df8c13dfa0276316f0c8876 0.0s done
#5 naming to docker.io/library/2z65iuhn 0.1s done
#5 DONE 0.1s
Creando imagen pw9hrvht
#0 building with "default" instance using docker driver

#1 [internal] load build definition from Dockerfile
#1 transferring dockerfile:
#1 transferring dockerfile: 110B done
#1 DONE 0.3s

#2 [internal] load metadata for docker.io/library/ubuntu:latest
#2 DONE 0.6s

#3 [internal] load .dockerignore
#3 transferring context: 2B done
#3 DONE 0.2s

#4 [1/1] FROM docker.io/library/ubuntu:latest@sha256:8a37d68f4f73ebf3d4efafbcf66379bf3728902a8038616808f04e34a9ab63ee
#4 CACHED

#5 exporting to image
#5 exporting layers
#5 exporting layers done
#5 writing image sha256:faf3850eae1ee106f19cb84fa06b56a4f220019f19445994021ebc8c79f120b2 0.0s done
#5 naming to docker.io/library/pw9hrvht
#5 naming to docker.io/library/pw9hrvht 0.2s done
#5 DONE 0.2s
Creando imagen p47kgaez
#0 building with "default" instance using docker driver

#1 [internal] load build definition from Dockerfile
#1 transferring dockerfile: 110B done
#1 DONE 0.4s

#2 [internal] load metadata for docker.io/library/ubuntu:latest
#2 DONE 0.5s

#3 [internal] load .dockerignore
#3 transferring context: 2B done
#3 DONE 0.2s

#4 [1/1] FROM docker.io/library/ubuntu:latest@sha256:8a37d68f4f73ebf3d4efafbcf66379bf3728902a8038616808f04e34a9ab63ee
#4 CACHED

#5 exporting to image
#5 exporting layers done
#5 writing image sha256:5e6fbfa3e969114c5a218088e6527437f0b85c610df8c13dfa0276316f0c8876 0.0s done
#5 naming to docker.io/library/p47kgaez 0.1s done
#5 DONE 0.2s
Creando imagen tmxaw09w
#0 building with "default" instance using docker driver

#1 [internal] load build definition from Dockerfile
#1 transferring dockerfile:
#1 transferring dockerfile: 110B done
#1 DONE 0.5s

#2 [internal] load metadata for docker.io/library/ubuntu:latest
#2 DONE 0.6s

#3 [internal] load .dockerignore
#3 transferring context: 2B done
#3 DONE 0.2s

#4 [1/1] FROM docker.io/library/ubuntu:latest@sha256:8a37d68f4f73ebf3d4efafbcf66379bf3728902a8038616808f04e34a9ab63ee
#4 CACHED

#5 exporting to image
#5 exporting layers done
#5 writing image sha256:5e6fbfa3e969114c5a218088e6527437f0b85c610df8c13dfa0276316f0c8876 0.0s done
#5 naming to docker.io/library/tmxaw09w
#5 naming to docker.io/library/tmxaw09w 0.1s done
#5 DONE 0.2s
Creando imagen dmv2a15d
#0 building with "default" instance using docker driver

#1 [internal] load build definition from Dockerfile
#1 transferring dockerfile:
#1 transferring dockerfile: 110B done
#1 DONE 0.4s

#2 [internal] load metadata for docker.io/library/ubuntu:latest
#2 DONE 0.5s

#3 [internal] load .dockerignore
#3 transferring context: 2B done
#3 DONE 0.3s

#4 [1/1] FROM docker.io/library/ubuntu:latest@sha256:8a37d68f4f73ebf3d4efafbcf66379bf3728902a8038616808f04e34a9ab63ee
#4 CACHED

#5 exporting to image
#5 exporting layers done
#5 writing image sha256:5e6fbfa3e969114c5a218088e6527437f0b85c610df8c13dfa0276316f0c8876 0.1s done
#5 naming to docker.io/library/dmv2a15d
#5 naming to docker.io/library/dmv2a15d 0.1s done
#5 DONE 0.3s
Creando imagen xrofe21d
#0 building with "default" instance using docker driver

#1 [internal] load build definition from Dockerfile
#1 transferring dockerfile:
#1 transferring dockerfile: 146B done
#1 DONE 0.6s

#2 [internal] load metadata for docker.io/library/ubuntu:latest
#2 DONE 0.5s

#3 [internal] load .dockerignore
#3 transferring context: 2B done
#3 DONE 0.2s

#4 [1/2] FROM docker.io/library/ubuntu:latest@sha256:8a37d68f4f73ebf3d4efafbcf66379bf3728902a8038616808f04e34a9ab63ee
#4 DONE 0.0s

#5 [2/2] RUN apt-get update && apt-get install -y stress
#5 CACHED

#6 exporting to image
#6 exporting layers done
#6 writing image sha256:a6262f387333df6c66cb7c3e5b3ed305e9b881d901f1b3f6649729f6b3f9d245 0.0s done
#6 naming to docker.io/library/xrofe21d 0.1s done
#6 DONE 0.2s
Creando imagen rmok9752
#0 building with "default" instance using docker driver

#1 [internal] load build definition from Dockerfile
#1 transferring dockerfile:
#1 transferring dockerfile: 110B done
#1 DONE 0.5s

#2 [internal] load metadata for docker.io/library/ubuntu:latest
#2 DONE 1.0s

#3 [internal] load .dockerignore
#3 transferring context: 2B done
#3 DONE 0.2s

#4 [1/1] FROM docker.io/library/ubuntu:latest@sha256:8a37d68f4f73ebf3d4efafbcf66379bf3728902a8038616808f04e34a9ab63ee
#4 CACHED

#5 exporting to image
#5 exporting layers done
#5 writing image sha256:faf3850eae1ee106f19cb84fa06b56a4f220019f19445994021ebc8c79f120b2
#5 writing image sha256:faf3850eae1ee106f19cb84fa06b56a4f220019f19445994021ebc8c79f120b2 0.2s done
#5 naming to docker.io/library/rmok9752
#5 naming to docker.io/library/rmok9752 0.2s done
#5 DONE 0.5s
Creando imagen hftocwty
#0 building with "default" instance using docker driver

#1 [internal] load build definition from Dockerfile
#1 transferring dockerfile:
#1 transferring dockerfile: 182B done
#1 DONE 0.6s

#2 [internal] load metadata for docker.io/library/ubuntu:latest
#2 DONE 0.5s

#3 [internal] load .dockerignore
#3 transferring context: 2B done
#3 DONE 0.2s

#4 [1/2] FROM docker.io/library/ubuntu:latest@sha256:8a37d68f4f73ebf3d4efafbcf66379bf3728902a8038616808f04e34a9ab63ee
#4 DONE 0.0s

#5 [2/2] RUN apt-get update && apt-get install -y stress
#5 CACHED

#6 exporting to image
#6 exporting layers done
#6 writing image sha256:473d7b118f878b844729f50c8b395fc8699501390d2287066e4c2a43e95127a3 0.0s done
#6 naming to docker.io/library/hftocwty
#6 naming to docker.io/library/hftocwty 0.1s done
#6 DONE 0.4s
Creando imagen 7tms97bo
#0 building with "default" instance using docker driver

#1 [internal] load build definition from Dockerfile
#1 transferring dockerfile:
#1 transferring dockerfile: 110B done
#1 DONE 0.5s

#2 [internal] load metadata for docker.io/library/ubuntu:latest
#2 DONE 1.3s

#3 [internal] load .dockerignore
#3 transferring context: 2B done
#3 DONE 0.2s

#4 [1/1] FROM docker.io/library/ubuntu:latest@sha256:8a37d68f4f73ebf3d4efafbcf66379bf3728902a8038616808f04e34a9ab63ee
#4 CACHED

#5 exporting to image
#5 exporting layers done
#5 writing image sha256:faf3850eae1ee106f19cb84fa06b56a4f220019f19445994021ebc8c79f120b2 0.0s done
#5 naming to docker.io/library/7tms97bo 0.1s done
#5 DONE 0.2s
Creando imagen u8lv4diq
#0 building with "default" instance using docker driver

#1 [internal] load build definition from Dockerfile
#1 transferring dockerfile:
#1 transferring dockerfile: 110B done
#1 DONE 0.7s

#2 [internal] load metadata for docker.io/library/ubuntu:latest
#2 DONE 0.6s

#3 [internal] load .dockerignore
#3 transferring context: 2B done
#3 DONE 0.2s

#4 [1/1] FROM docker.io/library/ubuntu:latest@sha256:8a37d68f4f73ebf3d4efafbcf66379bf3728902a8038616808f04e34a9ab63ee
#4 CACHED

#5 exporting to image
#5 exporting layers
#5 exporting layers done
#5 writing image sha256:5e6fbfa3e969114c5a218088e6527437f0b85c610df8c13dfa0276316f0c8876 0.0s done
#5 naming to docker.io/library/u8lv4diq 0.1s done
#5 DONE 0.2s
Iniciando contenedor xdbLrDDB con imagen p47kgaez
da0f0b9d5611975c458ba8c9060f9c866e55a07fce2668b4ff7f849825956237
Iniciando contenedor bJSSfZQI con imagen rmok9752
4c96c9441b04cdb790d159bffeba53dc4f18db5d56ad95bb067f58686a52b653
Iniciando contenedor WDTUS1qK con imagen hftocwty
9d95cfa6a03211a0490305a4ee332bb1c362d60e6ff6708f24a87be0da820c7c
Iniciando contenedor KZ1mLkwh con imagen pw9hrvht
52052b8d7bb08fffa6c1d5a5a855b434845e9e67893894323cbdaf69a41dcfa6
Iniciando contenedor 96Tp8q4m con imagen 7tms97bo
da8eefdb5ab7e1cca53c5551926ac0ecf011cf36a5a9b82af0d09eeb0b451a0d
Iniciando contenedor GRU9OIKv con imagen u8lv4diq
2fd45549476a84913ca26422bfafbecb8cedb24625d53465238dda4d7b865d1a
Iniciando contenedor Y06tZTzj con imagen 7tms97bo
8b9d35bac11a318bbe0abaeae9784329f843bd940745c8bb708dc7f0cd1a31c1
Iniciando contenedor idAZD07d con imagen rmok9752
6e379650086111b2c296f7d4d070db1abf19b396b94d35da1e7d70374b6e56be
Iniciando contenedor B7lwGIUf con imagen xrofe21d
04b53f9ec668bda6d05faa159eff7b0c04b9a83b6b746b21e19f8fd0b8bf07b6
Iniciando contenedor HmgCrnvI con imagen p47kgaez
6819ff993a19e9de1767211de8463f597457354c98a340b394e0cf4b57632125
Creando imagen 805neigi
#0 building with "default" instance using docker driver

#1 [internal] load build definition from Dockerfile
#1 transferring dockerfile: 146B done
#1 DONE 0.2s

#2 [internal] load metadata for docker.io/library/ubuntu:latest
#2 DONE 1.1s

#3 [internal] load .dockerignore
#3 transferring context: 2B done
#3 DONE 0.2s

#4 [1/2] FROM docker.io/library/ubuntu:latest@sha256:8a37d68f4f73ebf3d4efafbcf66379bf3728902a8038616808f04e34a9ab63ee
#4 DONE 0.0s

#5 [2/2] RUN apt-get update && apt-get install -y stress
#5 CACHED

#6 exporting to image
#6 exporting layers done
#6 writing image sha256:a6262f387333df6c66cb7c3e5b3ed305e9b881d901f1b3f6649729f6b3f9d245 0.0s done
#6 naming to docker.io/library/805neigi
#6 naming to docker.io/library/805neigi 0.1s done
#6 DONE 0.2s
Creando imagen xb52ul6v
#0 building with "default" instance using docker driver

#1 [internal] load build definition from Dockerfile
#1 transferring dockerfile: 110B done
#1 DONE 0.3s

#2 [internal] load metadata for docker.io/library/ubuntu:latest
#2 DONE 0.5s

#3 [internal] load .dockerignore
#3 transferring context: 2B done
#3 DONE 0.2s

#4 [1/1] FROM docker.io/library/ubuntu:latest@sha256:8a37d68f4f73ebf3d4efafbcf66379bf3728902a8038616808f04e34a9ab63ee
#4 CACHED

#5 exporting to image
#5 exporting layers done
#5 writing image sha256:faf3850eae1ee106f19cb84fa06b56a4f220019f19445994021ebc8c79f120b2 0.0s done
#5 naming to docker.io/library/xb52ul6v
#5 naming to docker.io/library/xb52ul6v 0.1s done
#5 DONE 0.1s
Creando imagen ui20xb8i
#0 building with "default" instance using docker driver

#1 [internal] load build definition from Dockerfile
#1 transferring dockerfile: 182B done
#1 DONE 0.4s

#2 [internal] load metadata for docker.io/library/ubuntu:latest
#2 DONE 0.6s

#3 [internal] load .dockerignore
#3 transferring context: 2B done
#3 DONE 0.2s

#4 [1/2] FROM docker.io/library/ubuntu:latest@sha256:8a37d68f4f73ebf3d4efafbcf66379bf3728902a8038616808f04e34a9ab63ee
#4 DONE 0.0s

#5 [2/2] RUN apt-get update && apt-get install -y stress
#5 CACHED

#6 exporting to image
#6 exporting layers done
#6 writing image sha256:473d7b118f878b844729f50c8b395fc8699501390d2287066e4c2a43e95127a3 0.0s done
#6 naming to docker.io/library/ui20xb8i
#6 naming to docker.io/library/ui20xb8i 0.1s done
#6 DONE 0.2s
Creando imagen zgfodfkw
#0 building with "default" instance using docker driver

#1 [internal] load build definition from Dockerfile
#1 transferring dockerfile:
#1 transferring dockerfile: 182B done
#1 DONE 0.3s

#2 [internal] load metadata for docker.io/library/ubuntu:latest
#2 DONE 0.6s

#3 [internal] load .dockerignore
#3 transferring context: 2B done
#3 DONE 0.3s

#4 [1/2] FROM docker.io/library/ubuntu:latest@sha256:8a37d68f4f73ebf3d4efafbcf66379bf3728902a8038616808f04e34a9ab63ee
#4 DONE 0.0s

#5 [2/2] RUN apt-get update && apt-get install -y stress
#5 CACHED

#6 exporting to image
#6 exporting layers done
#6 writing image sha256:473d7b118f878b844729f50c8b395fc8699501390d2287066e4c2a43e95127a3 0.0s done
#6 naming to docker.io/library/zgfodfkw
#6 naming to docker.io/library/zgfodfkw 0.1s done
#6 DONE 0.2s
Creando imagen tr2wbidq
#0 building with "default" instance using docker driver

#1 [internal] load build definition from Dockerfile
#1 transferring dockerfile:
#1 transferring dockerfile: 110B done
#1 DONE 1.0s

#2 [internal] load metadata for docker.io/library/ubuntu:latest
#2 DONE 1.0s

#3 [internal] load .dockerignore
#3 transferring context: 2B done
#3 DONE 0.4s

#4 [1/1] FROM docker.io/library/ubuntu:latest@sha256:8a37d68f4f73ebf3d4efafbcf66379bf3728902a8038616808f04e34a9ab63ee
#4 CACHED

#5 exporting to image
#5 exporting layers done
#5 writing image sha256:5e6fbfa3e969114c5a218088e6527437f0b85c610df8c13dfa0276316f0c8876 0.1s done
#5 naming to docker.io/library/tr2wbidq
#5 naming to docker.io/library/tr2wbidq 0.1s done
#5 DONE 0.2s
Creando imagen 4lms9973
#0 building with "default" instance using docker driver

#1 [internal] load build definition from Dockerfile
#1 transferring dockerfile:
#1 transferring dockerfile: 110B done
#1 DONE 0.3s

#2 [internal] load metadata for docker.io/library/ubuntu:latest
#2 DONE 0.5s

#3 [internal] load .dockerignore
#3 transferring context: 2B done
#3 DONE 0.2s

#4 [1/1] FROM docker.io/library/ubuntu:latest@sha256:8a37d68f4f73ebf3d4efafbcf66379bf3728902a8038616808f04e34a9ab63ee
#4 CACHED

#5 exporting to image
#5 exporting layers done
#5 writing image sha256:faf3850eae1ee106f19cb84fa06b56a4f220019f19445994021ebc8c79f120b2 0.1s done
#5 naming to docker.io/library/4lms9973
#5 naming to docker.io/library/4lms9973 0.1s done
#5 DONE 0.2s
Creando imagen muqqi4hi
#0 building with "default" instance using docker driver

#1 [internal] load build definition from Dockerfile
#1 transferring dockerfile:
#1 transferring dockerfile: 110B done
#1 DONE 0.8s

#2 [internal] load metadata for docker.io/library/ubuntu:latest
#2 DONE 1.1s

#3 [internal] load .dockerignore
#3 transferring context:
#3 transferring context: 2B done
#3 DONE 0.4s

#4 [1/1] FROM docker.io/library/ubuntu:latest@sha256:8a37d68f4f73ebf3d4efafbcf66379bf3728902a8038616808f04e34a9ab63ee
#4 CACHED

#5 exporting to image
#5 exporting layers done
#5 writing image sha256:5e6fbfa3e969114c5a218088e6527437f0b85c610df8c13dfa0276316f0c8876 0.1s done
#5 naming to docker.io/library/muqqi4hi 0.1s done
#5 DONE 0.2s
Creando imagen q860s93r
#0 building with "default" instance using docker driver

#1 [internal] load build definition from Dockerfile
#1 transferring dockerfile:
#1 transferring dockerfile: 182B done
#1 DONE 0.6s

#2 [internal] load metadata for docker.io/library/ubuntu:latest
#2 DONE 1.1s

#3 [internal] load .dockerignore
#3 transferring context: 2B done
#3 DONE 0.2s

#4 [1/2] FROM docker.io/library/ubuntu:latest@sha256:8a37d68f4f73ebf3d4efafbcf66379bf3728902a8038616808f04e34a9ab63ee
#4 DONE 0.0s

#5 [2/2] RUN apt-get update && apt-get install -y stress
#5 CACHED

#6 exporting to image
#6 exporting layers done
#6 writing image sha256:473d7b118f878b844729f50c8b395fc8699501390d2287066e4c2a43e95127a3 0.0s done
#6 naming to docker.io/library/q860s93r
#6 naming to docker.io/library/q860s93r 0.1s done
#6 DONE 0.1s
Creando imagen m4abds71
#0 building with "default" instance using docker driver

#1 [internal] load build definition from Dockerfile
#1 transferring dockerfile:
#1 transferring dockerfile: 110B done
#1 DONE 0.5s

#2 [internal] load metadata for docker.io/library/ubuntu:latest
#2 DONE 0.5s

#3 [internal] load .dockerignore
#3 transferring context: 2B done
#3 DONE 0.2s

#4 [1/1] FROM docker.io/library/ubuntu:latest@sha256:8a37d68f4f73ebf3d4efafbcf66379bf3728902a8038616808f04e34a9ab63ee
#4 CACHED

#5 exporting to image
#5 exporting layers done
#5 writing image sha256:faf3850eae1ee106f19cb84fa06b56a4f220019f19445994021ebc8c79f120b2 0.0s done
#5 naming to docker.io/library/m4abds71
#5 naming to docker.io/library/m4abds71 0.1s done
#5 DONE 0.1s
ERROR: failed to solve: Canceled: context canceled
Creando imagen wkjss0i6
#0 building with "default" instance using docker driver

#1 [internal] load build definition from Dockerfile
#1 transferring dockerfile:
#1 transferring dockerfile: 146B done
#1 DONE 0.5s

#2 [internal] load metadata for docker.io/library/ubuntu:latest
#2 DONE 1.4s
ERROR: failed to solve: Canceled: context canceled
Iniciando contenedor Vl2wAyQG con imagen wkjss0i6
Unable to find image 'wkjss0i6:latest' locally

got 3 SIGTERM/SIGINTs, forcefully exiting
Iniciando contenedor VvzfHXMx con imagen ui20xb8i
7de12b19ef2152c65c3d89c48dfc0d0ef289802488b71cd0a18a5e9ea131ab5f
Iniciando contenedor UNABKfR1 con imagen zgfodfkw
52b1ec17dd8168ebc2b6d3cf95cdbb35fa76498f5ae86c2dcf69d91763101f8f
Iniciando contenedor n3UIsmOZ con imagen q860s93r
7a682b785b38dfae11f24cc3fa6acedeee57f3d62be3af8a5d551db6738bc939
Iniciando contenedor zmxnEMyP con imagen 4lms9973
411affad6035c7f44d86b334d496c5761e5c016fe93f7eb4a58b23f9e2f3b93e
Iniciando contenedor u1Ey1Pt7 con imagen wkjss0i6
Unable to find image 'wkjss0i6:latest' locally
docker: Error response from daemon: pull access denied for wkjss0i6, repository does not exist or may require 'docker login': denied: requested access to the resource is denied.
See 'docker run --help'.
Iniciando contenedor PGlQmyFQ con imagen 4lms9973
9c8a37be68692cbde8e17897d21f14548c771bb1e6c02746ace3678cab6717fc
Iniciando contenedor hKFXsieH con imagen zgfodfkw
7eeadd4281b2b23c0d57bdc6de9df2459d8ead9a0a9ab69e0871c1d8ca9390ac
Iniciando contenedor 9Q2ALnJp con imagen muqqi4hi
23ea4f8ad5f6c59d7f853a582ec0bd79f08baec72bd1846f8f5e4921373b3d7b
Iniciando contenedor kxEgCCQA con imagen xb52ul6v
0452600e4423e7cea172a18b605f4e90bb93a9520fe60454a0ad568bec310688
Creando imagen nuy3jy41
#0 building with "default" instance using docker driver

#1 [internal] load build definition from Dockerfile
#1 transferring dockerfile: 146B done
#1 DONE 0.2s

#2 [internal] load metadata for docker.io/library/ubuntu:latest
#2 DONE 1.1s

#3 [internal] load .dockerignore
#3 transferring context: 2B done
#3 DONE 0.2s

#4 [1/2] FROM docker.io/library/ubuntu:latest@sha256:8a37d68f4f73ebf3d4efafbcf66379bf3728902a8038616808f04e34a9ab63ee
#4 DONE 0.0s

#5 [2/2] RUN apt-get update && apt-get install -y stress
#5 CACHED

#6 exporting to image
#6 exporting layers done
#6 writing image sha256:a6262f387333df6c66cb7c3e5b3ed305e9b881d901f1b3f6649729f6b3f9d245 0.0s done
#6 naming to docker.io/library/nuy3jy41
#6 naming to docker.io/library/nuy3jy41 0.1s done
#6 DONE 0.1s
Creando imagen q16jm0fb
#0 building with "default" instance using docker driver

#1 [internal] load build definition from Dockerfile
#1 transferring dockerfile: 110B done
#1 DONE 0.2s

#2 [internal] load metadata for docker.io/library/ubuntu:latest
#2 DONE 0.4s

#3 [internal] load .dockerignore
#3 transferring context: 2B done
#3 DONE 0.2s

#4 [1/1] FROM docker.io/library/ubuntu:latest@sha256:8a37d68f4f73ebf3d4efafbcf66379bf3728902a8038616808f04e34a9ab63ee
#4 CACHED

#5 exporting to image
#5 exporting layers
#5 exporting layers done
#5 writing image sha256:faf3850eae1ee106f19cb84fa06b56a4f220019f19445994021ebc8c79f120b2 0.0s done
#5 naming to docker.io/library/q16jm0fb 0.1s done
#5 DONE 0.1s
Creando imagen j5qcwcf6
#0 building with "default" instance using docker driver

#1 [internal] load build definition from Dockerfile
#1 transferring dockerfile: 110B done
#1 DONE 0.3s

#2 [internal] load metadata for docker.io/library/ubuntu:latest
#2 DONE 0.5s

#3 [internal] load .dockerignore
#3 transferring context: 2B done
#3 DONE 0.2s

#4 [1/1] FROM docker.io/library/ubuntu:latest@sha256:8a37d68f4f73ebf3d4efafbcf66379bf3728902a8038616808f04e34a9ab63ee
#4 CACHED

#5 exporting to image
#5 exporting layers
#5 exporting layers done
#5 writing image sha256:faf3850eae1ee106f19cb84fa06b56a4f220019f19445994021ebc8c79f120b2 0.0s done
#5 naming to docker.io/library/j5qcwcf6 0.1s done
#5 DONE 0.1s
Creando imagen bzt746ac
#0 building with "default" instance using docker driver

#1 [internal] load build definition from Dockerfile
#1 transferring dockerfile: 146B done
#1 DONE 0.1s

#2 [internal] load metadata for docker.io/library/ubuntu:latest
#2 DONE 0.5s

#3 [internal] load .dockerignore
#3 transferring context: 2B done
#3 DONE 0.2s

#4 [1/2] FROM docker.io/library/ubuntu:latest@sha256:8a37d68f4f73ebf3d4efafbcf66379bf3728902a8038616808f04e34a9ab63ee
#4 DONE 0.0s

#5 [2/2] RUN apt-get update && apt-get install -y stress
#5 CACHED

#6 exporting to image
#6 exporting layers done
#6 writing image sha256:a6262f387333df6c66cb7c3e5b3ed305e9b881d901f1b3f6649729f6b3f9d245 0.0s done
#6 naming to docker.io/library/bzt746ac 0.1s done
#6 DONE 0.1s
Creando imagen 7h4k0qog
#0 building with "default" instance using docker driver

#1 [internal] load build definition from Dockerfile
#1 transferring dockerfile: 110B done
#1 DONE 0.2s

#2 [internal] load metadata for docker.io/library/ubuntu:latest
#2 DONE 0.5s

#3 [internal] load .dockerignore
#3 transferring context: 2B done
#3 DONE 0.2s

#4 [1/1] FROM docker.io/library/ubuntu:latest@sha256:8a37d68f4f73ebf3d4efafbcf66379bf3728902a8038616808f04e34a9ab63ee
#4 CACHED

#5 exporting to image
#5 exporting layers done
#5 writing image sha256:5e6fbfa3e969114c5a218088e6527437f0b85c610df8c13dfa0276316f0c8876 0.0s done
#5 naming to docker.io/library/7h4k0qog
#5 naming to docker.io/library/7h4k0qog 0.1s done
#5 DONE 0.1s
Creando imagen 2medqzie
#0 building with "default" instance using docker driver

#1 [internal] load build definition from Dockerfile
#1 transferring dockerfile:
#1 transferring dockerfile: 182B done
#1 DONE 0.4s

#2 [internal] load metadata for docker.io/library/ubuntu:latest
#2 DONE 1.3s

#3 [internal] load .dockerignore
#3 transferring context: 2B done
#3 DONE 0.2s

#4 [1/2] FROM docker.io/library/ubuntu:latest@sha256:8a37d68f4f73ebf3d4efafbcf66379bf3728902a8038616808f04e34a9ab63ee
#4 DONE 0.0s

#5 [2/2] RUN apt-get update && apt-get install -y stress
#5 CACHED

#6 exporting to image
#6 exporting layers done
#6 writing image sha256:473d7b118f878b844729f50c8b395fc8699501390d2287066e4c2a43e95127a3 0.1s done
#6 naming to docker.io/library/2medqzie
#6 naming to docker.io/library/2medqzie 0.2s done
#6 DONE 0.6s
Creando imagen 7hsrgwr4
#0 building with "default" instance using docker driver

#1 [internal] load build definition from Dockerfile
#1 transferring dockerfile:
#1 transferring dockerfile: 110B done
#1 DONE 0.9s

#2 [internal] load metadata for docker.io/library/ubuntu:latest
#2 DONE 0.5s

#3 [internal] load .dockerignore
#3 transferring context: 2B done
#3 DONE 0.2s

#4 [1/1] FROM docker.io/library/ubuntu:latest@sha256:8a37d68f4f73ebf3d4efafbcf66379bf3728902a8038616808f04e34a9ab63ee
#4 CACHED

#5 exporting to image
#5 exporting layers done
#5 writing image sha256:5e6fbfa3e969114c5a218088e6527437f0b85c610df8c13dfa0276316f0c8876 0.1s done
#5 naming to docker.io/library/7hsrgwr4
#5 naming to docker.io/library/7hsrgwr4 0.1s done
#5 DONE 0.3s
Creando imagen kjhnpzs6
#0 building with "default" instance using docker driver

#1 [internal] load build definition from Dockerfile
#1 transferring dockerfile:
#1 transferring dockerfile: 182B done
#1 DONE 0.3s

#2 [internal] load metadata for docker.io/library/ubuntu:latest
#2 DONE 0.5s

#3 [internal] load .dockerignore
#3 transferring context: 2B done
#3 DONE 0.2s

#4 [1/2] FROM docker.io/library/ubuntu:latest@sha256:8a37d68f4f73ebf3d4efafbcf66379bf3728902a8038616808f04e34a9ab63ee
#4 DONE 0.0s

#5 [2/2] RUN apt-get update && apt-get install -y stress
#5 CACHED

#6 exporting to image
#6 exporting layers done
#6 writing image sha256:473d7b118f878b844729f50c8b395fc8699501390d2287066e4c2a43e95127a3 0.0s done
#6 naming to docker.io/library/kjhnpzs6
#6 naming to docker.io/library/kjhnpzs6 0.1s done
#6 DONE 0.1s
Creando imagen xgbhrhyc
#0 building with "default" instance using docker driver

#1 [internal] load build definition from Dockerfile
#1 transferring dockerfile: 110B done
#1 DONE 0.2s

#2 [internal] load metadata for docker.io/library/ubuntu:latest
#2 DONE 1.0s

#3 [internal] load .dockerignore
#3 transferring context: 2B done
#3 DONE 0.2s

#4 [1/1] FROM docker.io/library/ubuntu:latest@sha256:8a37d68f4f73ebf3d4efafbcf66379bf3728902a8038616808f04e34a9ab63ee
#4 CACHED

#5 exporting to image
#5 exporting layers done
#5 writing image sha256:5e6fbfa3e969114c5a218088e6527437f0b85c610df8c13dfa0276316f0c8876 0.1s done
#5 naming to docker.io/library/xgbhrhyc
#5 naming to docker.io/library/xgbhrhyc 0.2s done
#5 DONE 0.4s
Creando imagen t18txgq3
#0 building with "default" instance using docker driver

#1 [internal] load build definition from Dockerfile
#1 transferring dockerfile:
#1 transferring dockerfile: 110B done
#1 DONE 0.3s

#2 [internal] load metadata for docker.io/library/ubuntu:latest
#2 DONE 0.6s

#3 [internal] load .dockerignore
#3 transferring context: 2B done
#3 DONE 0.3s

#4 [1/1] FROM docker.io/library/ubuntu:latest@sha256:8a37d68f4f73ebf3d4efafbcf66379bf3728902a8038616808f04e34a9ab63ee
#4 CACHED

#5 exporting to image
#5 exporting layers
#5 exporting layers done
#5 writing image sha256:5e6fbfa3e969114c5a218088e6527437f0b85c610df8c13dfa0276316f0c8876 0.1s done
#5 naming to docker.io/library/t18txgq3
#5 naming to docker.io/library/t18txgq3 0.2s done
#5 DONE 0.4s
Iniciando contenedor qkhKIJJo con imagen 7hsrgwr4
5ee08e6e1d540d744d8949ee71f2b0f1d796bf614225cedc7fa4cab8aa8c5f81
Iniciando contenedor EBWZGYGB con imagen bzt746ac
211b40f5c59e5db68aeb4dedfa79197b88b084b4a9c2dbf04012df1492544334
Iniciando contenedor s6LtLVm9 con imagen 7h4k0qog
da051851d15c0bed4680c36beff90f7eb345bed5525f609947c5c6c21601dadc
Iniciando contenedor 8BbZW7pW con imagen 2medqzie
fd7f892f356dd3b805b4660c1d29925ed8e6123c8c464c9e6ed37d263b99ebfe
Iniciando contenedor GmTrG3Vw con imagen bzt746ac
25dd4ea60ff2c8239bdff86db6ab8a0d475bdd3a6f047f0098103c5f1b95ef5a
Iniciando contenedor Kw5eCD7y con imagen bzt746ac
701f6a50876351baff0d32a00a6d8a99fac1af4b296b63ae8511b4303cfbd194
Iniciando contenedor d2gX98S1 con imagen j5qcwcf6
c7c5990c57b81202c4ff21ff2e09b8a283a364ae75f841bf413cacaa7c8f3033
Iniciando contenedor 21e5fb8N con imagen nuy3jy41
c172a0ac51f24860e50d4f7bc281b8889c3062b7fc7bc0480dec45f807e1824d
Iniciando contenedor oEoqJbO7 con imagen kjhnpzs6
8162ee91e1bb1345929512c54bd8a1b8dab74c2110ade309b6bd1ee72fef8531
Iniciando contenedor rttM2gTt con imagen t18txgq3
06819584775ba44d7c97bbc6f50dffc28f620aafb63c2b536cb9866e119004bb
Creando imagen klklgr3p
#0 building with "default" instance using docker driver

#1 [internal] load build definition from Dockerfile
#1 transferring dockerfile: 110B done
#1 DONE 0.2s

#2 [internal] load metadata for docker.io/library/ubuntu:latest
#2 DONE 2.7s

#3 [internal] load .dockerignore
#3 transferring context: 2B done
#3 DONE 0.3s

#4 [1/1] FROM docker.io/library/ubuntu:latest@sha256:8a37d68f4f73ebf3d4efafbcf66379bf3728902a8038616808f04e34a9ab63ee
#4 CACHED

#5 exporting to image
#5 exporting layers done
#5 writing image sha256:5e6fbfa3e969114c5a218088e6527437f0b85c610df8c13dfa0276316f0c8876
#5 writing image sha256:5e6fbfa3e969114c5a218088e6527437f0b85c610df8c13dfa0276316f0c8876 0.0s done
#5 naming to docker.io/library/klklgr3p 0.1s done
#5 DONE 0.2s
Creando imagen gr222xg7
#0 building with "default" instance using docker driver

#1 [internal] load build definition from Dockerfile
#1 transferring dockerfile: 110B 0.0s done
#1 DONE 0.2s

#2 [internal] load metadata for docker.io/library/ubuntu:latest
#2 DONE 0.5s

#3 [internal] load .dockerignore
#3 transferring context: 2B done
#3 DONE 0.2s

#4 [1/1] FROM docker.io/library/ubuntu:latest@sha256:8a37d68f4f73ebf3d4efafbcf66379bf3728902a8038616808f04e34a9ab63ee
#4 CACHED

#5 exporting to image
#5 exporting layers
#5 exporting layers done
#5 writing image sha256:faf3850eae1ee106f19cb84fa06b56a4f220019f19445994021ebc8c79f120b2 0.0s done
#5 naming to docker.io/library/gr222xg7 0.1s done
#5 DONE 0.1s
Creando imagen 3r9kbbjy
#0 building with "default" instance using docker driver

#1 [internal] load build definition from Dockerfile
#1 transferring dockerfile: 146B done
#1 DONE 0.2s

#2 [internal] load metadata for docker.io/library/ubuntu:latest
#2 DONE 0.6s

#3 [internal] load .dockerignore
#3 transferring context: 2B done
#3 DONE 0.2s

#4 [1/2] FROM docker.io/library/ubuntu:latest@sha256:8a37d68f4f73ebf3d4efafbcf66379bf3728902a8038616808f04e34a9ab63ee
#4 DONE 0.0s

#5 [2/2] RUN apt-get update && apt-get install -y stress
#5 CACHED

#6 exporting to image
#6 exporting layers done
#6 writing image sha256:a6262f387333df6c66cb7c3e5b3ed305e9b881d901f1b3f6649729f6b3f9d245 0.1s done
#6 naming to docker.io/library/3r9kbbjy 0.1s done
#6 DONE 0.2s
Creando imagen ndh9ofid
#0 building with "default" instance using docker driver

#1 [internal] load build definition from Dockerfile
#1 transferring dockerfile:
#1 transferring dockerfile: 182B done
#1 DONE 0.3s

#2 [internal] load metadata for docker.io/library/ubuntu:latest
#2 DONE 0.7s

#3 [internal] load .dockerignore
#3 transferring context: 2B done
#3 DONE 0.2s

#4 [1/2] FROM docker.io/library/ubuntu:latest@sha256:8a37d68f4f73ebf3d4efafbcf66379bf3728902a8038616808f04e34a9ab63ee
#4 DONE 0.0s

#5 [2/2] RUN apt-get update && apt-get install -y stress
#5 CACHED

#6 exporting to image
#6 exporting layers done
#6 writing image sha256:473d7b118f878b844729f50c8b395fc8699501390d2287066e4c2a43e95127a3
#6 writing image sha256:473d7b118f878b844729f50c8b395fc8699501390d2287066e4c2a43e95127a3 0.0s done
#6 naming to docker.io/library/ndh9ofid 0.1s done
#6 DONE 0.2s
Creando imagen 3ylp754b
#0 building with "default" instance using docker driver

#1 [internal] load build definition from Dockerfile
#1 transferring dockerfile: 146B 0.1s done
#1 DONE 0.3s

#2 [internal] load metadata for docker.io/library/ubuntu:latest
#2 DONE 1.0s

#3 [internal] load .dockerignore
#3 transferring context: 2B done
#3 DONE 0.2s

#4 [1/2] FROM docker.io/library/ubuntu:latest@sha256:8a37d68f4f73ebf3d4efafbcf66379bf3728902a8038616808f04e34a9ab63ee
#4 DONE 0.0s

#5 [2/2] RUN apt-get update && apt-get install -y stress
#5 CACHED

#6 exporting to image
#6 exporting layers done
#6 writing image sha256:a6262f387333df6c66cb7c3e5b3ed305e9b881d901f1b3f6649729f6b3f9d245
#6 writing image sha256:a6262f387333df6c66cb7c3e5b3ed305e9b881d901f1b3f6649729f6b3f9d245 0.0s done
#6 naming to docker.io/library/3ylp754b 0.1s done
#6 DONE 0.2s
Creando imagen frhuwks2
#0 building with "default" instance using docker driver

#1 [internal] load build definition from Dockerfile
#1 transferring dockerfile: 110B 0.0s done
#1 DONE 0.2s

#2 [internal] load metadata for docker.io/library/ubuntu:latest
#2 DONE 0.5s

#3 [internal] load .dockerignore
#3 transferring context: 2B done
#3 DONE 0.2s

#4 [1/1] FROM docker.io/library/ubuntu:latest@sha256:8a37d68f4f73ebf3d4efafbcf66379bf3728902a8038616808f04e34a9ab63ee
#4 CACHED

#5 exporting to image
#5 exporting layers
#5 exporting layers done
#5 writing image sha256:faf3850eae1ee106f19cb84fa06b56a4f220019f19445994021ebc8c79f120b2 0.0s done
#5 naming to docker.io/library/frhuwks2 0.1s done
#5 DONE 0.2s
Creando imagen wywv67w8
#0 building with "default" instance using docker driver

#1 [internal] load build definition from Dockerfile
#1 transferring dockerfile: 110B done
#1 DONE 0.2s

#2 [internal] load metadata for docker.io/library/ubuntu:latest
#2 DONE 0.6s

#3 [internal] load .dockerignore
#3 transferring context: 2B done
#3 DONE 0.2s

#4 [1/1] FROM docker.io/library/ubuntu:latest@sha256:8a37d68f4f73ebf3d4efafbcf66379bf3728902a8038616808f04e34a9ab63ee
#4 CACHED

#5 exporting to image
#5 exporting layers
#5 exporting layers done
#5 writing image sha256:faf3850eae1ee106f19cb84fa06b56a4f220019f19445994021ebc8c79f120b2 0.1s done
#5 naming to docker.io/library/wywv67w8 0.1s done
#5 DONE 0.4s
Creando imagen 2k7rhyvn
#0 building with "default" instance using docker driver

#1 [internal] load build definition from Dockerfile
#1 transferring dockerfile:
#1 transferring dockerfile: 182B 0.0s done
#1 DONE 0.3s

#2 [internal] load metadata for docker.io/library/ubuntu:latest
#2 DONE 1.4s

#3 [internal] load .dockerignore
#3 transferring context: 2B done
#3 DONE 0.4s

#4 [1/2] FROM docker.io/library/ubuntu:latest@sha256:8a37d68f4f73ebf3d4efafbcf66379bf3728902a8038616808f04e34a9ab63ee
#4 DONE 0.0s

#5 [2/2] RUN apt-get update && apt-get install -y stress
#5 CACHED

#6 exporting to image
#6 exporting layers done
#6 writing image sha256:473d7b118f878b844729f50c8b395fc8699501390d2287066e4c2a43e95127a3 0.1s done
#6 naming to docker.io/library/2k7rhyvn
#6 naming to docker.io/library/2k7rhyvn 0.1s done
#6 DONE 0.2s
Creando imagen exx63mam
#0 building with "default" instance using docker driver

#1 [internal] load build definition from Dockerfile
#1 transferring dockerfile: 110B done
#1 DONE 0.3s

#2 [internal] load metadata for docker.io/library/ubuntu:latest
#2 DONE 0.5s

#3 [internal] load .dockerignore
#3 transferring context: 2B done
#3 DONE 0.3s

#4 [1/1] FROM docker.io/library/ubuntu:latest@sha256:8a37d68f4f73ebf3d4efafbcf66379bf3728902a8038616808f04e34a9ab63ee
#4 CACHED

#5 exporting to image
#5 exporting layers done
#5 writing image sha256:5e6fbfa3e969114c5a218088e6527437f0b85c610df8c13dfa0276316f0c8876 0.0s done
#5 naming to docker.io/library/exx63mam
#5 naming to docker.io/library/exx63mam 0.1s done
#5 DONE 0.1s
Creando imagen pf9o9jw4
#0 building with "default" instance using docker driver

#1 [internal] load build definition from Dockerfile
#1 transferring dockerfile: 110B done
#1 DONE 0.2s

#2 [internal] load metadata for docker.io/library/ubuntu:latest
#2 DONE 0.5s

#3 [internal] load .dockerignore
#3 transferring context: 2B done
#3 DONE 0.2s

#4 [1/1] FROM docker.io/library/ubuntu:latest@sha256:8a37d68f4f73ebf3d4efafbcf66379bf3728902a8038616808f04e34a9ab63ee
#4 CACHED

#5 exporting to image
#5 exporting layers done
#5 writing image sha256:faf3850eae1ee106f19cb84fa06b56a4f220019f19445994021ebc8c79f120b2 0.0s done
#5 naming to docker.io/library/pf9o9jw4
#5 naming to docker.io/library/pf9o9jw4 0.1s done
#5 DONE 0.2s
Iniciando contenedor YcKcZVAC con imagen 3ylp754b
14214fb9e1f683afd97c03c14c982c3deb80408086206b017405199481dfb71c
Iniciando contenedor CSS4t5Ya con imagen 3ylp754b
4cb64ddbcc7cb93e30720727ee85d10825e43665cd9d421784a69462b249510b
Iniciando contenedor KBVFNJgY con imagen 3ylp754b
2788655e78faa7d29f0ad7fe86e75e3424e07684c9240d43d9022e90fdf5b18e
Iniciando contenedor BFokQXFt con imagen wywv67w8
c7876843a1b8cdad11053566abf78893e6012803f227407c217d18690892f541
Iniciando contenedor Irck2NCu con imagen 3ylp754b
e5f3d57f9c92b3f65bcad3d2756214d8610e1daa6f8dcece7f9945b356c7b842
Iniciando contenedor vh5LdOnz con imagen 2k7rhyvn
0b8e8700e21fed3120e835ee1dcf435775b42dea5069f3559254b8d593f95651
Iniciando contenedor U8CpOnA0 con imagen gr222xg7
48847d884f99ffd96d1a3269c7685c7842ef36c6a1ff88e5a48fb54faf007d18
Iniciando contenedor CkiLxNem con imagen frhuwks2
bd8e57198646891060acde1119c2da649840af61de9a8ebe85c6896bbec43059
Iniciando contenedor op53WmT0 con imagen 2k7rhyvn
1422b2f31e6aca891351cc986bb6813910b67dcce5f801a19e59bb7117d8a684
Iniciando contenedor 2iSCKSEN con imagen 3r9kbbjy
0ddbcedf3d4c82b108943f1af80c08a7a33bd2586570fa1573a0beaacfdd3897
Creando imagen om64goe7
#0 building with "default" instance using docker driver

#1 [internal] load build definition from Dockerfile
#1 transferring dockerfile:
#1 transferring dockerfile: 182B done
#1 DONE 0.5s

#2 [internal] load metadata for docker.io/library/ubuntu:latest
#2 DONE 2.5s

#3 [internal] load .dockerignore
#3 transferring context:
#3 transferring context: 2B done
#3 DONE 0.6s

#4 [1/2] FROM docker.io/library/ubuntu:latest@sha256:8a37d68f4f73ebf3d4efafbcf66379bf3728902a8038616808f04e34a9ab63ee
#4 DONE 0.0s

#5 [2/2] RUN apt-get update && apt-get install -y stress
#5 CACHED

#6 exporting to image
#6 exporting layers done
#6 writing image sha256:473d7b118f878b844729f50c8b395fc8699501390d2287066e4c2a43e95127a3 0.1s done
#6 naming to docker.io/library/om64goe7
#6 naming to docker.io/library/om64goe7 0.1s done
#6 DONE 0.2s
Creando imagen dzyzydje
#0 building with "default" instance using docker driver

#1 [internal] load build definition from Dockerfile
#1 transferring dockerfile: 110B 0.0s done
#1 DONE 0.2s

#2 [internal] load metadata for docker.io/library/ubuntu:latest
#2 DONE 0.6s

#3 [internal] load .dockerignore
#3 transferring context: 2B done
#3 DONE 0.2s

#4 [1/1] FROM docker.io/library/ubuntu:latest@sha256:8a37d68f4f73ebf3d4efafbcf66379bf3728902a8038616808f04e34a9ab63ee
#4 CACHED

#5 exporting to image
#5 exporting layers done
#5 writing image sha256:5e6fbfa3e969114c5a218088e6527437f0b85c610df8c13dfa0276316f0c8876 0.0s done
#5 naming to docker.io/library/dzyzydje
#5 naming to docker.io/library/dzyzydje 0.1s done
#5 DONE 0.1s
Creando imagen tshnu4xd
#0 building with "default" instance using docker driver

#1 [internal] load build definition from Dockerfile
#1 transferring dockerfile: 146B done
#1 DONE 0.3s

#2 [internal] load metadata for docker.io/library/ubuntu:latest
#2 DONE 0.6s

#3 [internal] load .dockerignore
#3 transferring context: 2B done
#3 DONE 0.3s

#4 [1/2] FROM docker.io/library/ubuntu:latest@sha256:8a37d68f4f73ebf3d4efafbcf66379bf3728902a8038616808f04e34a9ab63ee
#4 DONE 0.0s

#5 [2/2] RUN apt-get update && apt-get install -y stress
#5 CACHED

#6 exporting to image
#6 exporting layers done
#6 writing image sha256:a6262f387333df6c66cb7c3e5b3ed305e9b881d901f1b3f6649729f6b3f9d245 0.1s done
#6 naming to docker.io/library/tshnu4xd
#6 naming to docker.io/library/tshnu4xd 0.1s done
#6 DONE 0.2s
Creando imagen tel8almk
#0 building with "default" instance using docker driver

#1 [internal] load build definition from Dockerfile
#1 transferring dockerfile: 146B done
#1 DONE 0.2s

#2 [internal] load metadata for docker.io/library/ubuntu:latest
#2 DONE 0.4s

#3 [internal] load .dockerignore
#3 transferring context: 2B done
#3 DONE 0.1s

#4 [1/2] FROM docker.io/library/ubuntu:latest@sha256:8a37d68f4f73ebf3d4efafbcf66379bf3728902a8038616808f04e34a9ab63ee
#4 DONE 0.0s

#5 [2/2] RUN apt-get update && apt-get install -y stress
#5 CACHED

#6 exporting to image
#6 exporting layers done
#6 writing image sha256:a6262f387333df6c66cb7c3e5b3ed305e9b881d901f1b3f6649729f6b3f9d245 0.0s done
#6 naming to docker.io/library/tel8almk
#6 naming to docker.io/library/tel8almk 0.4s done
#6 DONE 0.5s
Creando imagen u9ba4xgu
#0 building with "default" instance using docker driver

#1 [internal] load build definition from Dockerfile
#1 transferring dockerfile: 146B done
#1 DONE 0.2s

#2 [internal] load metadata for docker.io/library/ubuntu:latest
#2 DONE 0.4s

#3 [internal] load .dockerignore
#3 transferring context: 2B done
#3 DONE 0.1s

#4 [1/2] FROM docker.io/library/ubuntu:latest@sha256:8a37d68f4f73ebf3d4efafbcf66379bf3728902a8038616808f04e34a9ab63ee
#4 DONE 0.0s

#5 [2/2] RUN apt-get update && apt-get install -y stress
#5 CACHED

#6 exporting to image
#6 exporting layers done
#6 writing image sha256:a6262f387333df6c66cb7c3e5b3ed305e9b881d901f1b3f6649729f6b3f9d245 0.0s done
#6 naming to docker.io/library/u9ba4xgu 0.1s done
#6 DONE 0.2s
Creando imagen 7afqtfde
#0 building with "default" instance using docker driver

#1 [internal] load build definition from Dockerfile
#1 transferring dockerfile:
#1 transferring dockerfile: 110B done
#1 DONE 0.4s

#2 [internal] load metadata for docker.io/library/ubuntu:latest
#2 DONE 0.7s

#3 [internal] load .dockerignore
#3 transferring context: 2B done
#3 DONE 0.3s

#4 [1/1] FROM docker.io/library/ubuntu:latest@sha256:8a37d68f4f73ebf3d4efafbcf66379bf3728902a8038616808f04e34a9ab63ee
#4 CACHED

#5 exporting to image
#5 exporting layers done
#5 writing image sha256:faf3850eae1ee106f19cb84fa06b56a4f220019f19445994021ebc8c79f120b2 0.0s done
#5 naming to docker.io/library/7afqtfde
#5 naming to docker.io/library/7afqtfde 0.1s done
#5 DONE 0.2s
Creando imagen gqjpcuw7
#0 building with "default" instance using docker driver

#1 [internal] load build definition from Dockerfile
#1 transferring dockerfile: 110B done
#1 DONE 0.4s

#2 [internal] load metadata for docker.io/library/ubuntu:latest
#2 DONE 0.5s

#3 [internal] load .dockerignore
#3 transferring context: 2B done
#3 DONE 0.2s

#4 [1/1] FROM docker.io/library/ubuntu:latest@sha256:8a37d68f4f73ebf3d4efafbcf66379bf3728902a8038616808f04e34a9ab63ee
#4 CACHED

#5 exporting to image
#5 exporting layers done
#5 writing image sha256:5e6fbfa3e969114c5a218088e6527437f0b85c610df8c13dfa0276316f0c8876 0.0s done
#5 naming to docker.io/library/gqjpcuw7
#5 naming to docker.io/library/gqjpcuw7 0.1s done
#5 DONE 0.1s
Creando imagen krhrczue
#0 building with "default" instance using docker driver

#1 [internal] load build definition from Dockerfile
#1 transferring dockerfile: 146B done
#1 DONE 0.2s

#2 [internal] load metadata for docker.io/library/ubuntu:latest
#2 DONE 0.5s

#3 [internal] load .dockerignore
#3 transferring context: 2B done
#3 DONE 0.2s

#4 [1/2] FROM docker.io/library/ubuntu:latest@sha256:8a37d68f4f73ebf3d4efafbcf66379bf3728902a8038616808f04e34a9ab63ee
#4 DONE 0.0s

#5 [2/2] RUN apt-get update && apt-get install -y stress
#5 CACHED

#6 exporting to image
#6 exporting layers done
#6 writing image sha256:a6262f387333df6c66cb7c3e5b3ed305e9b881d901f1b3f6649729f6b3f9d245 0.0s done
#6 naming to docker.io/library/krhrczue
#6 naming to docker.io/library/krhrczue 0.1s done
#6 DONE 0.2s
Creando imagen 4epljzic
#0 building with "default" instance using docker driver

#1 [internal] load build definition from Dockerfile
#1 transferring dockerfile: 146B done
#1 DONE 0.2s

#2 [internal] load metadata for docker.io/library/ubuntu:latest
#2 DONE 0.5s

#3 [internal] load .dockerignore
#3 transferring context: 2B done
#3 DONE 0.2s

#4 [1/2] FROM docker.io/library/ubuntu:latest@sha256:8a37d68f4f73ebf3d4efafbcf66379bf3728902a8038616808f04e34a9ab63ee
#4 DONE 0.0s

#5 [2/2] RUN apt-get update && apt-get install -y stress
#5 CACHED

#6 exporting to image
#6 exporting layers done
#6 writing image sha256:a6262f387333df6c66cb7c3e5b3ed305e9b881d901f1b3f6649729f6b3f9d245 0.0s done
#6 naming to docker.io/library/4epljzic
#6 naming to docker.io/library/4epljzic 0.1s done
#6 DONE 0.2s
Creando imagen vp79xd0r
#0 building with "default" instance using docker driver

#1 [internal] load build definition from Dockerfile
#1 transferring dockerfile: 182B done
#1 DONE 0.3s

#2 [internal] load metadata for docker.io/library/ubuntu:latest
#2 DONE 0.6s

#3 [internal] load .dockerignore
#3 transferring context: 2B done
#3 DONE 0.2s

#4 [1/2] FROM docker.io/library/ubuntu:latest@sha256:8a37d68f4f73ebf3d4efafbcf66379bf3728902a8038616808f04e34a9ab63ee
#4 DONE 0.0s

#5 [2/2] RUN apt-get update && apt-get install -y stress
#5 CACHED

#6 exporting to image
#6 exporting layers done
#6 writing image sha256:473d7b118f878b844729f50c8b395fc8699501390d2287066e4c2a43e95127a3 0.0s done
#6 naming to docker.io/library/vp79xd0r 0.1s done
#6 DONE 0.1s
Iniciando contenedor UJXfEBHg con imagen tshnu4xd
68bd002261917086a5b519cf90a22739fa41690a4747b776aee21c3c462a1047
Iniciando contenedor URODfsV1 con imagen vp79xd0r
5174a7f674f69ed4221e5f1f967b0b0afc07399e78a98fb5555bd1e488a364eb
Iniciando contenedor gVGLO92O con imagen gqjpcuw7
51a9023c32ce8129da06a054f207b86e9110d5735c8e9703fd2f0ec8e08a8189
Iniciando contenedor wHZFsozG con imagen vp79xd0r
dcd65e08ee15d9d375b15a8bc888cc1df578c69cbcd160086b1db5d552fb56f8
Iniciando contenedor j0DJkrdJ con imagen gqjpcuw7
d0df8fa5cec05644145d27c104511fac7ca9d1079d736bbbb293a428deba7efc
Iniciando contenedor zXPdi88I con imagen gqjpcuw7
d08f51a088f3ee09b3cbcf98614f1eefb6fc183f923b0f99f98c6f23a4874e86
Iniciando contenedor YRLNOhuv con imagen gqjpcuw7
6369e5fc0bd011bd23af2fc555c896ae3b7fd67d4385dd8f1f7fd1a873c2aceb
Iniciando contenedor SvhHi28j con imagen om64goe7
1b3bf7ffa02f1bc050d4e606dbebddd1859579a8c529000fbb7609054c06450e
Iniciando contenedor DqEbZtTv con imagen om64goe7
27f54b023f3331cea19e0b891bc0b55b22ec6938202e01c73804a55cf19ee7fa
Iniciando contenedor FYJO7Rpq con imagen tel8almk
901b9920908dfae041463752297449bc1ca75299e308a8711fc70294aaeac3e8
